<?xml version="1.0" encoding="UTF-8"?>
<!-- Generated by org.testng.reporters.JUnitReportReporter -->
<testsuite hostname="LAPTOP-QHEL1IJN" failures="0" tests="3" name="testcases.LoginOrangeHRM" time="158.182" errors="1" timestamp="01 Apr 2020 02:11:35 GMT" skipped="2">
  <testcase classname="testcases.LoginOrangeHRM" name="HRM_add_recruitment" time="158.182">
    <error message="element click intercepted: Element &lt;input type=&quot;button&quot; id=&quot;btnSave&quot; value=&quot;Save&quot;&gt; is not clickable at point (73, 652). Other element would receive the click: &lt;div id=&quot;wrapper&quot;&gt;...&lt;/div&gt;
  (Session info: chrome=80.0.3987.149)
Build info: version: &#039;3.10.0&#039;, revision: &#039;176b4a9&#039;, time: &#039;2018-03-02T19:03:16.397Z&#039;
System info: host: &#039;LAPTOP-QHEL1IJN&#039;, ip: &#039;192.168.43.227&#039;, os.name: &#039;Windows 10&#039;, os.arch: &#039;amd64&#039;, os.version: &#039;10.0&#039;, java.version: &#039;11.0.4&#039;
Driver info: org.openqa.selenium.chrome.ChromeDriver
Capabilities {acceptInsecureCerts: false, browserName: chrome, browserVersion: 80.0.3987.149, chrome: {chromedriverVersion: 80.0.3987.106 (f68069574609..., userDataDir: C:\Users\SHEKHA~1\AppData\L...}, goog:chromeOptions: {debuggerAddress: localhost:60217}, javascriptEnabled: true, networkConnectionEnabled: false, pageLoadStrategy: normal, platform: WINDOWS, platformName: WINDOWS, proxy: Proxy(), setWindowRect: true, strictFileInteractability: false, timeouts: {implicit: 0, pageLoad: 300000, script: 30000}, unhandledPromptBehavior: dismiss and notify}
Session ID: 71521f14580670ce50a3d52f79d913ab" type="org.openqa.selenium.ElementClickInterceptedException">
      <![CDATA[org.openqa.selenium.ElementClickInterceptedException: element click intercepted: Element <input type="button" id="btnSave" value="Save"> is not clickable at point (73, 652). Other element would receive the click: <div id="wrapper">...</div>
  (Session info: chrome=80.0.3987.149)
Build info: version: '3.10.0', revision: '176b4a9', time: '2018-03-02T19:03:16.397Z'
System info: host: 'LAPTOP-QHEL1IJN', ip: '192.168.43.227', os.name: 'Windows 10', os.arch: 'amd64', os.version: '10.0', java.version: '11.0.4'
Driver info: org.openqa.selenium.chrome.ChromeDriver
Capabilities {acceptInsecureCerts: false, browserName: chrome, browserVersion: 80.0.3987.149, chrome: {chromedriverVersion: 80.0.3987.106 (f68069574609..., userDataDir: C:\Users\SHEKHA~1\AppData\L...}, goog:chromeOptions: {debuggerAddress: localhost:60217}, javascriptEnabled: true, networkConnectionEnabled: false, pageLoadStrategy: normal, platform: WINDOWS, platformName: WINDOWS, proxy: Proxy(), setWindowRect: true, strictFileInteractability: false, timeouts: {implicit: 0, pageLoad: 300000, script: 30000}, unhandledPromptBehavior: dismiss and notify}
Session ID: 71521f14580670ce50a3d52f79d913ab
at java.base/jdk.internal.reflect.NativeConstructorAccessorImpl.newInstance0(Native Method)
at java.base/jdk.internal.reflect.NativeConstructorAccessorImpl.newInstance(NativeConstructorAccessorImpl.java:62)
at java.base/jdk.internal.reflect.DelegatingConstructorAccessorImpl.newInstance(DelegatingConstructorAccessorImpl.java:45)
at java.base/java.lang.reflect.Constructor.newInstance(Constructor.java:490)
at org.openqa.selenium.remote.http.W3CHttpResponseCodec.createException(W3CHttpResponseCodec.java:187)
at org.openqa.selenium.remote.http.W3CHttpResponseCodec.decode(W3CHttpResponseCodec.java:122)
at org.openqa.selenium.remote.http.W3CHttpResponseCodec.decode(W3CHttpResponseCodec.java:49)
at org.openqa.selenium.remote.HttpCommandExecutor.execute(HttpCommandExecutor.java:160)
at org.openqa.selenium.remote.service.DriverCommandExecutor.execute(DriverCommandExecutor.java:83)
at org.openqa.selenium.remote.RemoteWebDriver.execute(RemoteWebDriver.java:601)
at org.openqa.selenium.remote.RemoteWebElement.execute(RemoteWebElement.java:279)
at org.openqa.selenium.remote.RemoteWebElement.click(RemoteWebElement.java:83)
at jdk.internal.reflect.GeneratedMethodAccessor1.invoke(Unknown Source)
at java.base/jdk.internal.reflect.DelegatingMethodAccessorImpl.invoke(DelegatingMethodAccessorImpl.java:43)
at java.base/java.lang.reflect.Method.invoke(Method.java:566)
at org.openqa.selenium.support.pagefactory.internal.LocatingElementHandler.invoke(LocatingElementHandler.java:51)
at com.sun.proxy.$Proxy10.click(Unknown Source)
at Pageobject.POOrangehrm.Recruitment_Reistration.SaveBtn(Recruitment_Reistration.java:139)
at Pageobject.POOrangehrm.Recruitment_Reistration.SaveBtn(Recruitment_Reistration.java:141)
at Pageobject.POOrangehrm.Recruitment_Reistration.SaveBtn(Recruitment_Reistration.java:141)
at Pageobject.POOrangehrm.Recruitment_Reistration.SaveBtn(Recruitment_Reistration.java:141)
at Pageobject.POOrangehrm.Recruitment_Reistration.SaveBtn(Recruitment_Reistration.java:141)
at Pageobject.POOrangehrm.Recruitment_Reistration.SaveBtn(Recruitment_Reistration.java:141)
at Pageobject.POOrangehrm.Recruitment_Reistration.SaveBtn(Recruitment_Reistration.java:141)
at Pageobject.POOrangehrm.Recruitment_Reistration.SaveBtn(Recruitment_Reistration.java:141)
at Pageobject.POOrangehrm.Recruitment_Reistration.SaveBtn(Recruitment_Reistration.java:141)
at Pageobject.POOrangehrm.Recruitment_Reistration.SaveBtn(Recruitment_Reistration.java:141)
at Pageobject.POOrangehrm.Recruitment_Reistration.SaveBtn(Recruitment_Reistration.java:141)
at Pageobject.POOrangehrm.Recruitment_Reistration.SaveBtn(Recruitment_Reistration.java:141)
at Pageobject.POOrangehrm.Recruitment_Reistration.SaveBtn(Recruitment_Reistration.java:141)
at Pageobject.POOrangehrm.Recruitment_Reistration.SaveBtn(Recruitment_Reistration.java:141)
at Pageobject.POOrangehrm.Recruitment_Reistration.SaveBtn(Recruitment_Reistration.java:141)
at Pageobject.POOrangehrm.Recruitment_Reistration.SaveBtn(Recruitment_Reistration.java:141)
at Pageobject.POOrangehrm.Recruitment_Reistration.SaveBtn(Recruitment_Reistration.java:141)
at Pageobject.POOrangehrm.Recruitment_Reistration.SaveBtn(Recruitment_Reistration.java:141)
at Pageobject.POOrangehrm.Recruitment_Reistration.SaveBtn(Recruitment_Reistration.java:141)
at Pageobject.POOrangehrm.Recruitment_Reistration.SaveBtn(Recruitment_Reistration.java:141)
at Pageobject.POOrangehrm.Recruitment_Reistration.SaveBtn(Recruitment_Reistration.java:141)
at Pageobject.POOrangehrm.Recruitment_Reistration.SaveBtn(Recruitment_Reistration.java:141)
at Pageobject.POOrangehrm.Recruitment_Reistration.SaveBtn(Recruitment_Reistration.java:141)
at Pageobject.POOrangehrm.Recruitment_Reistration.SaveBtn(Recruitment_Reistration.java:141)
at Pageobject.POOrangehrm.Recruitment_Reistration.SaveBtn(Recruitment_Reistration.java:141)
at Pageobject.POOrangehrm.Recruitment_Reistration.SaveBtn(Recruitment_Reistration.java:141)
at Pageobject.POOrangehrm.Recruitment_Reistration.SaveBtn(Recruitment_Reistration.java:141)
at Pageobject.POOrangehrm.Recruitment_Reistration.SaveBtn(Recruitment_Reistration.java:141)
at Pageobject.POOrangehrm.Recruitment_Reistration.SaveBtn(Recruitment_Reistration.java:141)
at Pageobject.POOrangehrm.Recruitment_Reistration.SaveBtn(Recruitment_Reistration.java:141)
at Pageobject.POOrangehrm.Recruitment_Reistration.SaveBtn(Recruitment_Reistration.java:141)
at Pageobject.POOrangehrm.Recruitment_Reistration.SaveBtn(Recruitment_Reistration.java:141)
at Pageobject.POOrangehrm.Recruitment_Reistration.SaveBtn(Recruitment_Reistration.java:141)
at Pageobject.POOrangehrm.Recruitment_Reistration.SaveBtn(Recruitment_Reistration.java:141)
at Pageobject.POOrangehrm.Recruitment_Reistration.SaveBtn(Recruitment_Reistration.java:141)
at Pageobject.POOrangehrm.Recruitment_Reistration.SaveBtn(Recruitment_Reistration.java:141)
at Pageobject.POOrangehrm.Recruitment_Reistration.SaveBtn(Recruitment_Reistration.java:141)
at Pageobject.POOrangehrm.Recruitment_Reistration.SaveBtn(Recruitment_Reistration.java:141)
at Pageobject.POOrangehrm.Recruitment_Reistration.SaveBtn(Recruitment_Reistration.java:141)
at Pageobject.POOrangehrm.Recruitment_Reistration.SaveBtn(Recruitment_Reistration.java:141)
at Pageobject.POOrangehrm.Recruitment_Reistration.SaveBtn(Recruitment_Reistration.java:141)
at Pageobject.POOrangehrm.Recruitment_Reistration.SaveBtn(Recruitment_Reistration.java:141)
at Pageobject.POOrangehrm.Recruitment_Reistration.SaveBtn(Recruitment_Reistration.java:141)
at Pageobject.POOrangehrm.Recruitment_Reistration.SaveBtn(Recruitment_Reistration.java:141)
at Pageobject.POOrangehrm.Recruitment_Reistration.SaveBtn(Recruitment_Reistration.java:141)
at Pageobject.POOrangehrm.Recruitment_Reistration.SaveBtn(Recruitment_Reistration.java:141)
at Pageobject.POOrangehrm.Recruitment_Reistration.SaveBtn(Recruitment_Reistration.java:141)
at Pageobject.POOrangehrm.Recruitment_Reistration.SaveBtn(Recruitment_Reistration.java:141)
at Pageobject.POOrangehrm.Recruitment_Reistration.SaveBtn(Recruitment_Reistration.java:141)
at Pageobject.POOrangehrm.Recruitment_Reistration.SaveBtn(Recruitment_Reistration.java:141)
at Pageobject.POOrangehrm.Recruitment_Reistration.SaveBtn(Recruitment_Reistration.java:141)
at Pageobject.POOrangehrm.Recruitment_Reistration.SaveBtn(Recruitment_Reistration.java:141)
at Pageobject.POOrangehrm.Recruitment_Reistration.SaveBtn(Recruitment_Reistration.java:141)
at Pageobject.POOrangehrm.Recruitment_Reistration.SaveBtn(Recruitment_Reistration.java:141)
at Pageobject.POOrangehrm.Recruitment_Reistration.SaveBtn(Recruitment_Reistration.java:141)
at Pageobject.POOrangehrm.Recruitment_Reistration.SaveBtn(Recruitment_Reistration.java:141)
at Pageobject.POOrangehrm.Recruitment_Reistration.SaveBtn(Recruitment_Reistration.java:141)
at Pageobject.POOrangehrm.Recruitment_Reistration.SaveBtn(Recruitment_Reistration.java:141)
at Pageobject.POOrangehrm.Recruitment_Reistration.SaveBtn(Recruitment_Reistration.java:141)
at Pageobject.POOrangehrm.Recruitment_Reistration.SaveBtn(Recruitment_Reistration.java:141)
at Pageobject.POOrangehrm.Recruitment_Reistration.SaveBtn(Recruitment_Reistration.java:141)
at Pageobject.POOrangehrm.Recruitment_Reistration.SaveBtn(Recruitment_Reistration.java:141)
at Pageobject.POOrangehrm.Recruitment_Reistration.SaveBtn(Recruitment_Reistration.java:141)
at Pageobject.POOrangehrm.Recruitment_Reistration.SaveBtn(Recruitment_Reistration.java:141)
at Pageobject.POOrangehrm.Recruitment_Reistration.SaveBtn(Recruitment_Reistration.java:141)
at Pageobject.POOrangehrm.Recruitment_Reistration.SaveBtn(Recruitment_Reistration.java:141)
at Pageobject.POOrangehrm.Recruitment_Reistration.SaveBtn(Recruitment_Reistration.java:141)
at Pageobject.POOrangehrm.Recruitment_Reistration.SaveBtn(Recruitment_Reistration.java:141)
at testcases.LoginOrangeHRM.HRM_add_recruitment(LoginOrangeHRM.java:97)
at java.base/jdk.internal.reflect.NativeMethodAccessorImpl.invoke0(Native Method)
at java.base/jdk.internal.reflect.NativeMethodAccessorImpl.invoke(NativeMethodAccessorImpl.java:62)
at java.base/jdk.internal.reflect.DelegatingMethodAccessorImpl.invoke(DelegatingMethodAccessorImpl.java:43)
at java.base/java.lang.reflect.Method.invoke(Method.java:566)
at org.testng.internal.MethodInvocationHelper.invokeMethod(MethodInvocationHelper.java:124)
at org.testng.internal.Invoker.invokeMethod(Invoker.java:580)
at org.testng.internal.Invoker.invokeTestMethod(Invoker.java:716)
at org.testng.internal.Invoker.invokeTestMethods(Invoker.java:988)
at org.testng.internal.TestMethodWorker.invokeTestMethods(TestMethodWorker.java:125)
at org.testng.internal.TestMethodWorker.run(TestMethodWorker.java:109)
at org.testng.TestRunner.privateRun(TestRunner.java:648)
at org.testng.TestRunner.run(TestRunner.java:505)
at org.testng.SuiteRunner.runTest(SuiteRunner.java:455)
at org.testng.SuiteRunner.runSequentially(SuiteRunner.java:450)
at org.testng.SuiteRunner.privateRun(SuiteRunner.java:415)
at org.testng.SuiteRunner.run(SuiteRunner.java:364)
at org.testng.SuiteRunnerWorker.runSuite(SuiteRunnerWorker.java:52)
at org.testng.SuiteRunnerWorker.run(SuiteRunnerWorker.java:84)
at org.testng.TestNG.runSuitesSequentially(TestNG.java:1208)
at org.testng.TestNG.runSuitesLocally(TestNG.java:1137)
at org.testng.TestNG.runSuites(TestNG.java:1049)
at org.testng.TestNG.run(TestNG.java:1017)
at org.testng.remote.AbstractRemoteTestNG.run(AbstractRemoteTestNG.java:115)
at org.testng.remote.RemoteTestNG.initAndRun(RemoteTestNG.java:251)
at org.testng.remote.RemoteTestNG.main(RemoteTestNG.java:77)
]]>
    </error>
  </testcase> <!-- HRM_add_recruitment -->
  <testcase classname="testcases.LoginOrangeHRM" name="login_orngehrm">
    <skipped/>
  </testcase> <!-- login_orngehrm -->
  <testcase classname="testcases.LoginOrangeHRM" name="HRM_Recruitment">
    <skipped/>
  </testcase> <!-- HRM_Recruitment -->
</testsuite> <!-- testcases.LoginOrangeHRM -->
